[2019-05-05T00:52:46.044Z] [info] Start Loading DB... 
[2019-05-05T00:52:46.045Z] [info] create upnext dir on home 
[2019-05-05T00:52:46.045Z] [info] create db dir on upnext dir 
[2019-05-05T00:52:46.045Z] [info] Connecting to db... 
[2019-05-05T00:52:46.048Z] [info] Connected to db 
[2019-05-05T00:52:46.050Z] [info] Setup Server... 
[2019-05-05T00:52:46.052Z] [info] Server setup complete! 
[2019-05-05T00:52:46.053Z] [info] Setup SocketIO... 
[2019-05-05T00:52:46.053Z] [info] Socketio setup complete 
[2019-05-05T00:52:46.053Z] [info] Start Event Loop... 
[2019-05-05T00:52:46.053Z] [info] Starting Parties... 
[2019-05-05T00:52:46.053Z] [info] Number of Parties: 0 
[2019-05-05T00:52:46.053Z] [info] Event Loop started 
[2019-05-05T00:52:46.053Z] [info] Listening on port 8888 
[2019-05-05T00:52:46.055Z] [info] Server setup complete 
[2019-05-05T00:52:46.055Z] [info] Startup Timer: 5ms
[2019-05-05T00:54:05.246Z] [info] Start Loading DB... 
[2019-05-05T00:54:05.246Z] [info] Connecting to db... 
[2019-05-05T00:54:05.249Z] [info] Connected to db 
[2019-05-05T00:54:05.250Z] [info] Setup Server... 
[2019-05-05T00:54:05.253Z] [info] Server setup complete! 
[2019-05-05T00:54:05.253Z] [info] Setup SocketIO... 
[2019-05-05T00:54:05.253Z] [info] Socketio setup complete 
[2019-05-05T00:54:05.253Z] [info] Start Event Loop... 
[2019-05-05T00:54:05.254Z] [info] Starting Parties... 
[2019-05-05T00:54:05.254Z] [info] Number of Parties: 0 
[2019-05-05T00:54:05.254Z] [info] Event Loop started 
[2019-05-05T00:54:05.254Z] [info] Listening on port 8888 
[2019-05-05T00:54:05.256Z] [info] Server setup complete 
[2019-05-05T00:54:05.256Z] [info] Startup Timer: 6ms
